Script handler ready. Waiting for a while to ensure all other mods are done messing with NEI.
Starting NEI Filter scripting. This might take a moment to load all the modules...
Engine: JAVASCRIPT
Setting up Java Library...
Setting up FML Library...
Setting up NEI Library...
Setting up CreativeTab library...
Found creative tab: IC2
Found creative tab: Automagy
Found creative tab: tools
Found creative tab: BiblioCraft
Found creative tab: BiblioCraftLights
Found creative tab: BiblioWoodsForestry
Found creative tab: BiblioWoodsHighlands
Found creative tab: BiblioWoodsNatura
Found creative tab: BigReactors
Found creative tab: Botania
Found creative tab: buildcraft.main
Found creative tab: buildcraft.pipes
Found creative tab: buildcraft.boards
Found creative tab: buildcraft.facades
Found creative tab: buildcraft.gates
Found creative tab: CarpentersBlocks
Found creative tab: redstone
Found creative tab: combat
Found creative tab: CompactWaterTurbines
Found creative tab: EnderIO
Found creative tab: transportation
Found creative tab: EnderZoo
Found creative tab: extraUtil
Found creative tab: extraUtil_FMP
Found creative tab: forestry
Found creative tab: apiculture
Found creative tab: arboriculture
Found creative tab: lepidopterology
Found creative tab: GalacticraftItems
Found creative tab: GalacticraftBlocks
Found creative tab: tabHardcoreEnderExpansion
Found creative tab: decorations
Found creative tab: Highlands
Found creative tab: Nuclear Control 2
Found creative tab: misc
Found creative tab: jabba
Found creative tab: JAKJ_RedstoneInMotion
Found creative tab: Logistics_Pipes
Found creative tab: MineFactory Reloaded
Found creative tab: food
Found creative tab: natura.plants
Found creative tab: natura.nether
Found creative tab: natura.trees
Found creative tab: tabOpenBlocks
Found creative tab: OpenComputers
Found creative tab: tabPneumaticCraft
Found creative tab: Power Converters
Found creative tab: core
Found creative tab: exploration
Found creative tab: ill
Found creative tab: int
Found creative tab: trans
Found creative tab: railcraft
Found creative tab: Random Things
Found creative tab: Router Reborn
Found creative tab: sfm
Found creative tab: SC2Blocks
Found creative tab: SC2Modules
Found creative tab: SC2Items
Found creative tab: steves_production
Found creative tab: sync
Found creative tab: thaumcraft
Found creative tab: thaumicExploration
Found creative tab: buildingBlocks
Found creative tab: ThaumicTinkerer
Found creative tab: brewing
Found creative tab: materials
Found creative tab: travellersgear
Found creative tab: witchinggadgets
Found creative tab: appliedenergistics2
Found creative tab: appliedenergistics2.facades
Found creative tab: tabBeyondReality
Found creative tab: tabFurniture
Found creative tab: tabWoodChiselBlocks
Found creative tab: tabModdedChiselBlocks
Found creative tab: tabStoneChiselBlocks
Found creative tab: tabOtherChiselBlocks
Found creative tab: tabChisel
Found creative tab: tabMetalChiselBlocks
Found creative tab: tabComputronics
Found creative tab: enhancedportals
Found creative tab: Extra_Cells
Found creative tab: factorizationTab
Found creative tab: framez
Found creative tab: bdew.gendustry
Found creative tab: bdew.samples
Found creative tab: bdew.templates
Found creative tab: GregTech.Main
Found creative tab: GregTech.Materials
Found creative tab: GregTech.Ores
Found creative tab: tabHarvestCraft2
Found creative tab: tabHarvestCraft3
Found creative tab: tabHarvestCraft
Found creative tab: IHL
Found creative tab: malisisdoors
Found creative tab: menagerie
Found creative tab: powersuits
Found creative tab: bdew.canisters
Found creative tab: bdew.pressure
Found creative tab: ThaumicEnergistics
Setting up ForgeMicroblock Library...
Setting up ExtraUtilities Library...
Setting up BuildCraft Library...
Setting up Applied Energistics 2 Library...
Loading table of contents for module: custom_nei_filters, 1.0, Author: denoflionsx
Bootstrap setting found. Loading: Bootstrap.js
Loading: vanilla.js
hide called. Params: minecraft, portal
Regex match found! minecraft:portal matches minecraft:portal.
Found ItemStack minecraft:portal. 64xtile.portal@0
hide called. Params: minecraft, end_portal
Regex match found! minecraft:end_portal matches minecraft:end_portal.
Found ItemStack minecraft:end_portal. 64xtile.null@0
hide called. Params: minecraft, fire
Regex match found! minecraft:fire matches minecraft:fire.
Found ItemStack minecraft:fire. 64xtile.fire@0
hide called. Params: minecraft, water
Regex match found! minecraft:water matches minecraft:water.
Found ItemStack minecraft:water. 64xtile.water@0
hide called. Params: minecraft, lava
Regex match found! minecraft:lava matches minecraft:lava.
Found ItemStack minecraft:lava. 64xtile.lava@0
hide called. Params: minecraft, mob_spawner
Regex match found! minecraft:mob_spawner matches minecraft:mob_spawner.
Found ItemStack minecraft:mob_spawner. 64xtile.mobSpawner@0
override called. Params: minecraft, potion, 0
Regex match found! minecraft:potion matches minecraft:potion.
Found ItemStack minecraft:potion. 1xitem.potion@0
override called. Params: minecraft, spawn_egg, 0
Regex match found! minecraft:spawn_egg matches minecraft:spawn_egg.
Found ItemStack minecraft:spawn_egg. 64xitem.monsterPlacer@0
Loading: ThermalExpansion.js
Loading: Mekanism.js
Loading: ForgeMicroblock.js
getRandomMaterial called. Returned: MineFactoryReloaded:brick_1
obliterate_microblocks called (version in info.inpureprojects.core.NEI.gtfoMicroblocks.ScriptObjects.ForgeMicroblockObject). Params: 1,2,4,257,258,260,513,514,516,769,770,772, MineFactoryReloaded:brick_1
Loading: ExtraUtilities.js
override called. Params: ExtraUtilities, drum, 0,1
Regex match found! ExtraUtilities:drum matches ExtraUtilities:drum.
Found ItemStack ExtraUtilities:drum. 64xtile.extrautils:drum@0
getRandomMaterial called. Returned: MineFactoryReloaded:brick_7
obliterate_microblocks called (version in info.inpureprojects.core.NEI.gtfoMicroblocks.ScriptObjects.ExtraUtilitiesObject). Params: 1,2,3, MineFactoryReloaded:brick_7
Loading: BuildCraft.js
getFacadesSize called. Returned: 2981
obliterate_microblocks called (version in info.inpureprojects.core.NEI.gtfoMicroblocks.ScriptObjects.BCObject). Params: 1708
Loading: Bibliocraft.js
override called. Params: BiblioCraft, *, 0
Regex match found! BiblioCraft:* matches BiblioCraft:Armor.
Regex match found! BiblioCraft:* matches BiblioCraft:BiblioBell.
Regex match found! BiblioCraft:* matches BiblioCraft:BiblioBorderlessPainting.
Regex match found! BiblioCraft:* matches BiblioCraft:BiblioCase.
Regex match found! BiblioCraft:* matches BiblioCraft:BiblioClipboard.
Regex match found! BiblioCraft:* matches BiblioCraft:BiblioClock.
Regex match found! BiblioCraft:* matches BiblioCraft:BiblioDesk.
Regex match found! BiblioCraft:* matches BiblioCraft:BiblioFancyPainting.
Regex match found! BiblioCraft:* matches BiblioCraft:BiblioFancySign.
Regex match found! BiblioCraft:* matches BiblioCraft:BiblioFlatPainting.
Regex match found! BiblioCraft:* matches BiblioCraft:BiblioIronLamp.
Regex match found! BiblioCraft:* matches BiblioCraft:BiblioIronLantern.
Regex match found! BiblioCraft:* matches BiblioCraft:BiblioLabel.
Regex match found! BiblioCraft:* matches BiblioCraft:BiblioLamp.
Regex match found! BiblioCraft:* matches BiblioCraft:BiblioLantern.
Regex match found! BiblioCraft:* matches BiblioCraft:BiblioMapFrames.
Regex match found! BiblioCraft:* matches BiblioCraft:BiblioMiddlePainting.
Regex match found! BiblioCraft:* matches BiblioCraft:BiblioPaintPress.
Regex match found! BiblioCraft:* matches BiblioCraft:BiblioPaneler.
Regex match found! BiblioCraft:* matches BiblioCraft:BiblioPotionShelf.
Regex match found! BiblioCraft:* matches BiblioCraft:BiblioRack.
Regex match found! BiblioCraft:* matches BiblioCraft:BiblioSeats.
Regex match found! BiblioCraft:* matches BiblioCraft:BiblioShelf.
Regex match found! BiblioCraft:* matches BiblioCraft:BiblioSimplePainting.
Regex match found! BiblioCraft:* matches BiblioCraft:BiblioStuffs.
Regex match found! BiblioCraft:* matches BiblioCraft:BiblioSwordPedestal.
Regex match found! BiblioCraft:* matches BiblioCraft:BiblioTable.
Regex match found! BiblioCraft:* matches BiblioCraft:BiblioTypewriter.
Regex match found! BiblioCraft:* matches BiblioCraft:BiblioWorkbench.
Regex match found! BiblioCraft:* matches BiblioCraft:Bibliotheca.
Regex match found! BiblioCraft:* matches BiblioCraft:BookcaseFilled.
Regex match found! BiblioCraft:* matches BiblioCraft:Printing.
Regex match found! BiblioCraft:* matches BiblioCraft:Typesetting.
Regex match found! BiblioCraft:* matches BiblioCraft:item.AtlasBook.
Regex match found! BiblioCraft:* matches BiblioCraft:item.AtlasPlate.
Regex match found! BiblioCraft:* matches BiblioCraft:item.BiblioChase.
Regex match found! BiblioCraft:* matches BiblioCraft:item.BiblioClipboard.
Regex match found! BiblioCraft:* matches BiblioCraft:item.BiblioCreativeLock.
Regex match found! BiblioCraft:* matches BiblioCraft:item.BiblioDrill.
Regex match found! BiblioCraft:* matches BiblioCraft:item.BiblioGlasses.
Regex match found! BiblioCraft:* matches BiblioCraft:item.BiblioMapTool.
Regex match found! BiblioCraft:* matches BiblioCraft:item.BiblioRedBook.
Regex match found! BiblioCraft:* matches BiblioCraft:item.BiblioWayPointCompass.
Regex match found! BiblioCraft:* matches BiblioCraft:item.BigBook.
Regex match found! BiblioCraft:* matches BiblioCraft:item.DeathCompass.
Regex match found! BiblioCraft:* matches BiblioCraft:item.EnchantedPlate.
Regex match found! BiblioCraft:* matches BiblioCraft:item.FramingBoard.
Regex match found! BiblioCraft:* matches BiblioCraft:item.FramingSaw.
Regex match found! BiblioCraft:* matches BiblioCraft:item.FramingSheet.
Regex match found! BiblioCraft:* matches BiblioCraft:item.HandDrill.
Regex match found! BiblioCraft:* matches BiblioCraft:item.PaintingCanvas.
Regex match found! BiblioCraft:* matches BiblioCraft:item.PlumbLine.
Regex match found! BiblioCraft:* matches BiblioCraft:item.PrintPlate.
Regex match found! BiblioCraft:* matches BiblioCraft:item.RecipeBook.
Regex match found! BiblioCraft:* matches BiblioCraft:item.SlottedBook.
Regex match found! BiblioCraft:* matches BiblioCraft:item.TesterItem.
Regex match found! BiblioCraft:* matches BiblioCraft:item.seatBack.
Regex match found! BiblioCraft:* matches BiblioCraft:item.seatBack2.
Regex match found! BiblioCraft:* matches BiblioCraft:item.seatBack3.
Regex match found! BiblioCraft:* matches BiblioCraft:item.seatBack4.
Regex match found! BiblioCraft:* matches BiblioCraft:item.seatBack5.
Regex match found! BiblioCraft:* matches BiblioCraft:item.tape.
Regex match found! BiblioCraft:* matches BiblioCraft:item.tapeMeasure.
Cannot find ItemStack BiblioCraft:Armor
Found ItemStack BiblioCraft:BiblioBell. 64xtile.BiblioBell@0
Found ItemStack BiblioCraft:BiblioBorderlessPainting. 64xtile.BiblioBorderlessPainting@0
Found ItemStack BiblioCraft:BiblioCase. 64xtile.BiblioCase@0
Found ItemStack BiblioCraft:BiblioClipboard. 64xtile.BiblioClipboard@0
Found ItemStack BiblioCraft:BiblioClock. 64xtile.BiblioClock@0
Found ItemStack BiblioCraft:BiblioDesk. 64xtile.BiblioDesk@0
Found ItemStack BiblioCraft:BiblioFancyPainting. 64xtile.BiblioFancyPainting@0
Found ItemStack BiblioCraft:BiblioFancySign. 64xtile.BiblioFancySign@0
Found ItemStack BiblioCraft:BiblioFlatPainting. 64xtile.BiblioFlatPainting@0
Found ItemStack BiblioCraft:BiblioIronLamp. 64xtile.BiblioIronLamp@0
Found ItemStack BiblioCraft:BiblioIronLantern. 64xtile.BiblioIronLantern@0
Found ItemStack BiblioCraft:BiblioLabel. 64xtile.BiblioLabel@0
Found ItemStack BiblioCraft:BiblioLamp. 64xtile.BiblioLamp@0
Found ItemStack BiblioCraft:BiblioLantern. 64xtile.BiblioLantern@0
Found ItemStack BiblioCraft:BiblioMapFrames. 64xtile.BiblioMapFrames@0
Found ItemStack BiblioCraft:BiblioMiddlePainting. 64xtile.BiblioMiddlePainting@0
Found ItemStack BiblioCraft:BiblioPaintPress. 64xtile.BiblioPaintPress@0
Found ItemStack BiblioCraft:BiblioPaneler. 64xtile.BiblioPaneler@0
Found ItemStack BiblioCraft:BiblioPotionShelf. 64xtile.BiblioPotionShelf@0
Found ItemStack BiblioCraft:BiblioRack. 64xtile.BiblioRack@0
Found ItemStack BiblioCraft:BiblioSeats. 64xtile.BiblioSeats@0
Found ItemStack BiblioCraft:BiblioShelf. 64xtile.BiblioShelf@0
Found ItemStack BiblioCraft:BiblioSimplePainting. 64xtile.BiblioSimplePainting@0
Found ItemStack BiblioCraft:BiblioStuffs. 64xtile.BiblioStuffs@0
Found ItemStack BiblioCraft:BiblioSwordPedestal. 64xtile.BiblioSwordPedestal@0
Found ItemStack BiblioCraft:BiblioTable. 64xtile.BiblioTable@0
Found ItemStack BiblioCraft:BiblioTypewriter. 64xtile.BiblioTypewriter@0
Found ItemStack BiblioCraft:BiblioWorkbench. 64xtile.BiblioWorkbench@0
Found ItemStack BiblioCraft:Bibliotheca. 64xtile.BiblioBookcase@0
Found ItemStack BiblioCraft:BookcaseFilled. 64xtile.BookcaseFilled@0
Cannot find ItemStack BiblioCraft:Printing
Cannot find ItemStack BiblioCraft:Typesetting
Found ItemStack BiblioCraft:item.AtlasBook. 1xitem.AtlasBook@0
Found ItemStack BiblioCraft:item.AtlasPlate. 1xitem.AtlasPlate@0
Found ItemStack BiblioCraft:item.BiblioChase. 64xitem.BiblioChase@0
Found ItemStack BiblioCraft:item.BiblioClipboard. 1xitem.BiblioClipboard@0
Found ItemStack BiblioCraft:item.BiblioCreativeLock. 1xitem.BiblioCreativeLock@0
Found ItemStack BiblioCraft:item.BiblioDrill. 1xitem.BiblioDrill@0
Found ItemStack BiblioCraft:item.BiblioGlasses. 1xitem.BiblioGlasses@0
Found ItemStack BiblioCraft:item.BiblioMapTool. 1xitem.BiblioMapTool@0
Found ItemStack BiblioCraft:item.BiblioRedBook. 64xitem.BiblioRedBook@0
Found ItemStack BiblioCraft:item.BiblioWayPointCompass. 1xitem.BiblioWayPointCompass@0
Found ItemStack BiblioCraft:item.BigBook. 1xitem.BigBook@0
Found ItemStack BiblioCraft:item.DeathCompass. 64xitem.DeathCompass@0
Found ItemStack BiblioCraft:item.EnchantedPlate. 1xitem.EnchantedPlate@0
Found ItemStack BiblioCraft:item.FramingBoard. 64xitem.FramingBoard@0
Found ItemStack BiblioCraft:item.FramingSaw. 1xitem.FramingSaw@0
Found ItemStack BiblioCraft:item.FramingSheet. 64xitem.FramingSheet@0
Found ItemStack BiblioCraft:item.HandDrill. 1xitem.HandDrill@0
Found ItemStack BiblioCraft:item.PaintingCanvas. 64xitem.PaintingCanvas@0
Found ItemStack BiblioCraft:item.PlumbLine. 1xitem.PlumbLine@0
Found ItemStack BiblioCraft:item.PrintPlate. 1xitem.PrintPlate@0
Found ItemStack BiblioCraft:item.RecipeBook. 1xitem.RecipeBook@0
Found ItemStack BiblioCraft:item.SlottedBook. 1xitem.SlottedBook@0
Found ItemStack BiblioCraft:item.TesterItem. 1xitem.TesterItem@0
Found ItemStack BiblioCraft:item.seatBack. 64xitem.seatBack@0
Found ItemStack BiblioCraft:item.seatBack2. 64xitem.seatBack@0
Found ItemStack BiblioCraft:item.seatBack3. 64xitem.seatBack@0
Found ItemStack BiblioCraft:item.seatBack4. 64xitem.seatBack@0
Found ItemStack BiblioCraft:item.seatBack5. 64xitem.seatBack@0
Found ItemStack BiblioCraft:item.tape. 64xitem.tape@0
Found ItemStack BiblioCraft:item.tapeMeasure. 1xitem.tapeMeasure@0
Loading: AppliedEnergistics2.js
getFacadeItem called. Returned: appliedenergistics2:item.ItemFacade
getSubTypes called.
getNumberOfTypes called. Returned: 2046
The function override_item is deprecated. Please use override instead! This function will be removed in a future version!
override called. Params: appliedenergistics2, item.ItemFacade, 831
Regex match found! appliedenergistics2:item.ItemFacade matches appliedenergistics2:item.ItemFacade.
Found ItemStack appliedenergistics2:item.ItemFacade. 64xitem.appliedenergistics2.ItemFacade@0
Loading: Tcon.js
Loading: MFR.js
override called. Params: MineFactoryReloaded, tile.mfr.stainedglass.block, 0
hide called. Params: MineFactoryReloaded:fluid.mfr.liquid.milk.still, 0
override called. Params: MineFactoryReloaded, tile.mfr.stainedglass.pane, 0
override called. Params: MineFactoryReloaded, tile.mfr.conveyor, 0
